2025-05-27 00:27:34.280  3254-4846  OplusAppQu...Controller system_server                        E  attachExStartingSurface not support issue ar:ActivityRecord{fd80e63 u0 com.tejalabs.falldetection/.MainActivity t1284} type:2
2025-05-27 00:27:34.282  3254-3825  UAH_JNI                 system_server                        E  uah_event_acquire ! cmdId: 1 ,strPkg: com.tejalabs.falldetection, strIdent: com.android.server.wm, timeout: 2000
2025-05-27 00:27:34.291  3254-3825  UAH_JNI                 system_server                        E  uah_event_acquire ! cmdId: 1 ,strPkg: com.tejalabs.falldetection, strIdent: com.android.server.wm, timeout: 2000
2025-05-27 00:27:34.291  3254-3825  UAH_JNI                 system_server                        E  uah_event_acquire ! cmdId: 1 ,strPkg: com.tejalabs.falldetection, strIdent: com.android.server.wm, timeout: 2000
2025-05-27 00:27:34.318  1872-1872  qspmHal                 vendor.qti.qspmhal-service           E  setAppInfoH atPid = 29212, gpuFname:com.tejalabs.falldetection, gpuFver:11
2025-05-27 00:27:34.321  4417-4417  UAH_JNI                 com.android.launcher                 E  uah_event_acquire ! cmdId: 85 ,strPkg: com.tejalabs.falldetection, strIdent: GpuBoost, timeout: 1000
2025-05-27 00:27:34.364  3254-3825  UAH_JNI                 system_server                        E  uah_event_acquire ! cmdId: 0 ,strPkg: com.tejalabs.falldetection, strIdent: com.android.server.wm, timeout: 720
2025-05-27 00:27:34.373  3254-3339  OplusThermalStats       system_server                        E  Error getting package info: com.tejalabs.falldetection
---------------------------- PROCESS STARTED (29212) for package com.tejalabs.falldetection ----------------------------
2025-05-27 00:27:34.481 29212-29212 nativeloader            com.tejalabs.falldetection           D  Configuring clns-6 for other apk /system/framework/org.apache.http.legacy.jar. target_sdk_version=34, uses_libraries=ALL, library_path=/data/app/~~COdB_i26uytvfXmJdJAhFw==/com.tejalabs.falldetection-Zq2kGYR0LkARRgGkw7CoJg==/lib/arm64:/data/app/~~COdB_i26uytvfXmJdJAhFw==/com.tejalabs.falldetection-Zq2kGYR0LkARRgGkw7CoJg==/base.apk!/lib/arm64-v8a, permitted_path=/data:/mnt/expand:/data/user/0/com.tejalabs.falldetection
2025-05-27 00:27:34.481 29212-29212 nativeloader            com.tejalabs.falldetection           D  Extending system_exposed_libraries: libbinauralrenderer_wrapper.qti.so:libhoaeffects.qti.so:libQOC.qti.so:libSloganJni.oplus.so:libsuperNight.oplus.so:libAPSClient-cmd-jni-extension.oplus.so:libsatellite_audio_jni.oplus.so:libortc_so.oplus.so:libsoundtouch.oplus.so:libsoundtouch_jni.oplus.so:libupdateprof.qti.so:libthermalclient.qti.so:libQOC.qti.so:libqape.qti.so:libqesdk_ndk_platform.qti.so:liblistenjni.qti.so
2025-05-27 00:27:34.481 29212-29212 ApplicationLoaders      com.tejalabs.falldetection           D  Returning zygote-cached class loader: /system_ext/framework/androidx.window.extensions.jar
2025-05-27 00:27:34.481 29212-29212 ApplicationLoaders      com.tejalabs.falldetection           D  Returning zygote-cached class loader: /system_ext/framework/androidx.window.sidecar.jar
2025-05-27 00:27:34.482 29212-29212 ziparchive              com.tejalabs.falldetection           W  Unable to open '/data/data/com.tejalabs.falldetection/code_cache/.overlay/base.apk/classes4.dm': No such file or directory
2025-05-27 00:27:34.482 29212-29212 ziparchive              com.tejalabs.falldetection           W  Unable to open '/data/data/com.tejalabs.falldetection/code_cache/.overlay/base.apk/classes7.dm': No such file or directory
2025-05-27 00:27:34.483 29212-29212 ziparchive              com.tejalabs.falldetection           W  Unable to open '/data/app/~~COdB_i26uytvfXmJdJAhFw==/com.tejalabs.falldetection-Zq2kGYR0LkARRgGkw7CoJg==/base.dm': No such file or directory
2025-05-27 00:27:34.483 29212-29212 ziparchive              com.tejalabs.falldetection           W  Unable to open '/data/app/~~COdB_i26uytvfXmJdJAhFw==/com.tejalabs.falldetection-Zq2kGYR0LkARRgGkw7CoJg==/base.dm': No such file or directory
2025-05-27 00:27:34.569 29212-29212 nativeloader            com.tejalabs.falldetection           D  Configuring clns-7 for other apk /data/app/~~COdB_i26uytvfXmJdJAhFw==/com.tejalabs.falldetection-Zq2kGYR0LkARRgGkw7CoJg==/base.apk. target_sdk_version=34, uses_libraries=, library_path=/data/app/~~COdB_i26uytvfXmJdJAhFw==/com.tejalabs.falldetection-Zq2kGYR0LkARRgGkw7CoJg==/lib/arm64:/data/app/~~COdB_i26uytvfXmJdJAhFw==/com.tejalabs.falldetection-Zq2kGYR0LkARRgGkw7CoJg==/base.apk!/lib/arm64-v8a, permitted_path=/data:/mnt/expand:/data/user/0/com.tejalabs.falldetection
2025-05-27 00:27:34.573 29212-29212 nativeloader            com.tejalabs.falldetection           D  Load libframework-connectivity-jni.so using APEX ns com_android_tethering for caller /apex/com.android.tethering/javalib/framework-connectivity.jar: ok
2025-05-27 00:27:34.576 29212-29212 GraphicsEnvironment     com.tejalabs.falldetection           V  Currently set values for:
2025-05-27 00:27:34.576 29212-29212 GraphicsEnvironment     com.tejalabs.falldetection           V    angle_gl_driver_selection_pkgs=[""]
2025-05-27 00:27:34.576 29212-29212 GraphicsEnvironment     com.tejalabs.falldetection           V    angle_gl_driver_selection_values=[""]
2025-05-27 00:27:34.576 29212-29212 GraphicsEnvironment     com.tejalabs.falldetection           V  ANGLE GameManagerService for com.tejalabs.falldetection: false
2025-05-27 00:27:34.576 29212-29212 GraphicsEnvironment     com.tejalabs.falldetection           V  com.tejalabs.falldetection is not listed in per-application setting
2025-05-27 00:27:34.576 29212-29212 GraphicsEnvironment     com.tejalabs.falldetection           V  Updatable production driver is not supported on the device.
2025-05-27 00:27:34.578 29212-29212 ResourcesManagerExtImpl com.tejalabs.falldetection           D  applyConfigurationToAppResourcesLocked app.getDisplayId() return callback.displayId:-1
2025-05-27 00:27:34.581 29212-29212 nativeloader            com.tejalabs.falldetection           D  Load libSchedAssistJni.so using system ns (caller=/system/framework/oplus-framework.jar): ok
2025-05-27 00:27:34.581 29212-29212 ExtensionsLoader        com.tejalabs.falldetection           D  createInstance(64bit) : createExtendedFactory
2025-05-27 00:27:34.581 29212-29212 ExtensionsLoader        com.tejalabs.falldetection           D  Opened libSchedAssistExtImpl.so
2025-05-27 00:27:34.581 29212-29212 SchedAssist             com.tejalabs.falldetection           E  sysOpen failed with error=Permission denied
2025-05-27 00:27:34.581 29212-29212 SchedAssist             com.tejalabs.falldetection           E  open sharedFd failed with error=Permission denied
2025-05-27 00:27:34.581 29212-29212 SchedAssist             com.tejalabs.falldetection           E  open sharedFd failed with error=Permission denied
2025-05-27 00:27:34.581 29212-29212 SchedAssist             com.tejalabs.falldetection           E  open sharedFd failed with error=Permission denied
2025-05-27 00:27:34.583 29212-29212 OplusGraphicsEvent      com.tejalabs.falldetection           D  OplusGraphicsEventListener create now!
2025-05-27 00:27:34.584 29212-29212 OplusGraphicsEvent      com.tejalabs.falldetection           D  addEventListener success!
2025-05-27 00:27:34.585  3254-14442 ScrollOpti...rfService] system_server                        E  isScrollOptimEnable: pkgName = com.tejalabs.falldetection, output = Bundle[{pre_anim_enable=true, frame_insert_list=null, frame_insert_default_num=1, scroll_changed_enable_list=null}]
2025-05-27 00:27:34.585 29212-29212 ScrollOpti...igManager] com.tejalabs.falldetection           D  initOptConfig: pkg= com.tejalabs.falldetection, mOptEnable= true, mAnimAheadEnable= true, mInsertDefaultNum= 1, mFrameInsertEnableList= {}, mSCEnableList= []
2025-05-27 00:27:34.585 29212-29212 WM-WrkMgrInitializer    com.tejalabs.falldetection           D  Initializing WorkManager with default configuration.
2025-05-27 00:27:34.601 29212-29212 WM-PackageManagerHelper com.tejalabs.falldetection           D  Skipping component enablement for androidx.work.impl.background.systemjob.SystemJobService
2025-05-27 00:27:34.601 29212-29212 WM-Schedulers           com.tejalabs.falldetection           D  Created SystemJobScheduler and enabled SystemJobService
2025-05-27 00:27:34.610 29212-29212 callGcSupression        com.tejalabs.falldetection           D  java.lang.NullPointerException: Attempt to invoke virtual method 'java.lang.Object java.lang.reflect.Method.invoke(java.lang.Object, java.lang.Object[])' on a null object reference
2025-05-27 00:27:34.612 29212-29212 OpenGLRenderer          com.tejalabs.falldetection           I  SupportApps size 0
2025-05-27 00:27:34.614 29212-29236 ExtensionsLoader        com.tejalabs.falldetection           D  createInstance(64bit) : createExtendedFactory
2025-05-27 00:27:34.614 29212-29236 ExtensionsLoader        com.tejalabs.falldetection           D  Opened libSchedAssistExtImpl.so
2025-05-27 00:27:34.615 29212-29212 ResourcesManagerExtImpl com.tejalabs.falldetection           D  applyConfigurationToAppResourcesLocked app.getDisplayId() return callback.displayId:-1
2025-05-27 00:27:34.616 29212-29238 colorx                  com.tejalabs.falldetection           D  Successfully found ColorX_Check .
2025-05-27 00:27:34.616 29212-29238 colorx                  com.tejalabs.falldetection           D  Not available for this game.
2025-05-27 00:27:34.626 29212-29212 AppCompatDelegate       com.tejalabs.falldetection           D  Checking for metadata for AppLocalesMetadataHolderService : Service not found
2025-05-27 00:27:34.630 29212-29234 Compatibil...geReporter com.tejalabs.falldetection           D  Compat change id reported: 160794467; UID 10359; state: ENABLED
2025-05-27 00:27:34.636 29212-29212 oplus.andr...actoryImpl com.tejalabs.falldetection           I  Unknow feature:IOplusTextViewRTLUtilForUG
2025-05-27 00:27:34.638 29212-29212 nativeloader            com.tejalabs.falldetection           D  Load liboplushwui_jni.so using system ns (caller=/system/framework/oplus-framework.jar): ok
2025-05-27 00:27:34.648 29212-29212 s.falldetection         com.tejalabs.falldetection           W  Accessing hidden method Landroid/view/ViewGroup;->makeOptionalFitsSystemWindows()V (unsupported, reflection, allowed)
2025-05-27 00:27:34.649 29212-29212 ScrollOpti...tionHelper com.tejalabs.falldetection           D  can't find the config file for optimizaiton
2025-05-27 00:27:34.649 29212-29212 ScrollOpti...tionHelper com.tejalabs.falldetection           D  will not debug for debug is false
2025-05-27 00:27:34.649 29212-29212 Compatibil...geReporter com.tejalabs.falldetection           D  Compat change id reported: 171228096; UID 10359; state: ENABLED
2025-05-27 00:27:34.649 29212-29212 oplus.andr...actoryImpl com.tejalabs.falldetection           I  get feature:IOplusDynamicVsyncFeature
2025-05-27 00:27:34.649 29212-29212 oplus.andr...actoryImpl com.tejalabs.falldetection           I  get feature:IOplusDynamicVsyncFeature
2025-05-27 00:27:34.649 29212-29212 oplus.andr...actoryImpl com.tejalabs.falldetection           I  get feature:IOplusDynamicVsyncFeature
2025-05-27 00:27:34.651 29212-29212 OplusOverS...lerExtImpl com.tejalabs.falldetection           D  Success to read Oplus Scroll Rus list, com.tejalabs.falldetection is enabled? false
2025-05-27 00:27:34.651 29212-29212 OplusSpringOverScroller com.tejalabs.falldetection           D  ScrollerX -  set MIN_VELOCITY_ADJUST_FRICTION 1000.0
2025-05-27 00:27:34.651 29212-29212 OplusSpringOverScroller com.tejalabs.falldetection           D  ScrollerY -  set MIN_VELOCITY_ADJUST_FRICTION 1000.0
2025-05-27 00:27:34.651 29212-29212 OplusSpringOverScroller com.tejalabs.falldetection           D  ScrollerX -  set MID_VELOCITY_ADJUST_FRICTION 4000.0
2025-05-27 00:27:34.651 29212-29212 OplusSpringOverScroller com.tejalabs.falldetection           D  ScrollerY -  set MID_VELOCITY_ADJUST_FRICTION 4000.0
2025-05-27 00:27:34.651 29212-29212 OplusSpringOverScroller com.tejalabs.falldetection           D  ScrollerX -  set MAX_VELOCITY_ADJUST_FRICTION 10000.0
2025-05-27 00:27:34.651 29212-29212 OplusSpringOverScroller com.tejalabs.falldetection           D  ScrollerY -  set MAX_VELOCITY_ADJUST_FRICTION 10000.0
2025-05-27 00:27:34.651 29212-29212 OplusSpringOverScroller com.tejalabs.falldetection           D  android.widget.OplusSpringOverScroller@d92cc14 set OPLUS_FLING_FRICTION_NORMAL 0.12
2025-05-27 00:27:34.651 29212-29212 OplusSpringOverScroller com.tejalabs.falldetection           D  ScrollerX -  set MID_FLING_BASE_FRICTION 2.5
2025-05-27 00:27:34.651 29212-29212 OplusSpringOverScroller com.tejalabs.falldetection           D  ScrollerY -  set MID_FLING_BASE_FRICTION 2.5
2025-05-27 00:27:34.651 29212-29212 OplusSpringOverScroller com.tejalabs.falldetection           D  ScrollerX -  set SLOW_FLING_BASE_FRICTION 2.5
2025-05-27 00:27:34.651 29212-29212 OplusSpringOverScroller com.tejalabs.falldetection           D  ScrollerY -  set SLOW_FLING_BASE_FRICTION 2.5
2025-05-27 00:27:34.653 29212-29212 OplusCusto...ionManager com.tejalabs.falldetection           E  sInstance is null, start a new sInstance
2025-05-27 00:27:34.655 29212-29212 Compatibil...geReporter com.tejalabs.falldetection           D  Compat change id reported: 210923482; UID 10359; state: ENABLED
2025-05-27 00:27:34.679 29212-29212 OplusInputMethodUtil    com.tejalabs.falldetection           D  init sDebug to false, init sDebugIme to false, init sAlwaysOn to false
2025-05-27 00:27:34.679 29212-29212 OplusInputMethodUtil    com.tejalabs.falldetection           D  updateDebugToClass InputMethodManager.DEBUG = false
2025-05-27 00:27:34.679 29212-29212 OplusInputMethodUtil    com.tejalabs.falldetection           D  updateDebugToClass ImeFocusController.DEBUG = false
2025-05-27 00:27:34.679 29212-29212 OplusInputMethodUtil    com.tejalabs.falldetection           D  updateDebugToClass BaseInputConnection.DEBUG = false
2025-05-27 00:27:34.687 29212-29212 MainActivity            com.tejalabs.falldetection           D  MainActivity created
2025-05-27 00:27:34.695 29212-29212 ContactManager          com.tejalabs.falldetection           D  ContactManager initialized with 0 contacts
2025-05-27 00:27:34.697 29212-29212 DataLogger              com.tejalabs.falldetection           D  Log directory initialized: /data/user/0/com.tejalabs.falldetection/files/fall_detection_logs
2025-05-27 00:27:34.697 29212-29212 MainActivity            com.tejalabs.falldetection           D  Utilities initialized successfully
2025-05-27 00:27:34.699 29212-29212 MainActivity            com.tejalabs.falldetection           D  All permissions granted
2025-05-27 00:27:34.701 29212-29212 MainActivity            com.tejalabs.falldetection           D  Service binding attempted: true
2025-05-27 00:27:34.702 29212-29212 DataLogger              com.tejalabs.falldetection           D  System event logged - Type: APP, Message: MainActivity created
2025-05-27 00:27:34.705 29212-29212 ScrollOpti...neManager] com.tejalabs.falldetection           D  updateCurrentActivity: mCurrentActivityName=com.tejalabs.falldetection.MainActivity, isOptEnable=true, isAnimAheadEnable=true, isFrameInsertEnable=true, InsertNum=1, isEnabledForScrollChanged=false
2025-05-27 00:27:34.705 29212-29212 ActivityThread          com.tejalabs.falldetection           D  ComponentInfo{com.tejalabs.falldetection/com.tejalabs.falldetection.MainActivity} checkFinished=false 2
2025-05-27 00:27:34.705 29212-29212 ResourcesManagerExtImpl com.tejalabs.falldetection           D  applyConfigurationToAppResourcesLocked app.getDisplayId() return callback.displayId:-1
2025-05-27 00:27:34.707 29212-29212 ExtensionsLoader        com.tejalabs.falldetection           D  createInstance(64bit) : createExtendedFactory
2025-05-27 00:27:34.707 29212-29212 ExtensionsLoader        com.tejalabs.falldetection           D  Opened libguiextimpl.so
2025-05-27 00:27:34.707 29212-29212 nativeloader            com.tejalabs.falldetection           D  Load liboplusgui_jni.so using system ns (caller=/system/framework/oplus-framework.jar): ok
2025-05-27 00:27:34.710 29212-29212 Compatibil...geReporter com.tejalabs.falldetection           D  Compat change id reported: 237531167; UID 10359; state: DISABLED
2025-05-27 00:27:34.711 29212-29212 DynamicFra...igManager] com.tejalabs.falldetection           I  initFrameRateConfig: 
                                                                                                    	levels: [120, 60]
                                                                                                    	thresholds: [200]
                                                                                                    	scrollbar fade frame rate: 0
2025-05-27 00:27:34.712 29212-29212 DynamicFra...igManager] com.tejalabs.falldetection           I  FRTCConfigManager: FRTC_CAPABILITY = 120, package name = com.tejalabs.falldetection, WINDOW_ANIMATION_SPEED_RATE = 10, SCROLL_ANIMATION_SPEED_RATE = 20, MuitiWindowIdleFramerate = 60, PACKAGE_ENABLE = false
2025-05-27 00:27:34.712 29212-29212 DynamicFra...ontroller] com.tejalabs.falldetection           I  init info: mPackageName = com.tejalabs.falldetection, mIsEnabled = false
2025-05-27 00:27:34.712 29212-29212 WindowManager           com.tejalabs.falldetection           D  Add to mViews: DecorView@11e8172[MainActivity],pkg= com.tejalabs.falldetection
2025-05-27 00:27:34.712 29212-29236 ExtensionsLoader        com.tejalabs.falldetection           D  createInstance(64bit) : createExtendedFactory
2025-05-27 00:27:34.713 29212-29236 ExtensionsLoader        com.tejalabs.falldetection           D  Opened libhwuiextimpl.so
2025-05-27 00:27:34.713 29212-29212 ExtensionsLoader        com.tejalabs.falldetection           D  createInstance(64bit) : createExtendedFactory
2025-05-27 00:27:34.713 29212-29212 ExtensionsLoader        com.tejalabs.falldetection           D  Opened libSchedAssistExtImpl.so
2025-05-27 00:27:34.720 29212-29212 ViewRootImplExtImpl     com.tejalabs.falldetection           D  onDisplayChanged -1 for VRI android.view.ViewRootImpl@4f42be
2025-05-27 00:27:34.721 29212-29212 libc                    com.tejalabs.falldetection           W  Access denied finding property "ro.vendor.input.resample_latency_time"
2025-05-27 00:27:34.722 29212-29212 InputEventReceiver      com.tejalabs.falldetection           D  Input log is disabled in InputEventReceiver.
2025-05-27 00:27:34.722 29212-29212 callGcSupression        com.tejalabs.falldetection           D  java.lang.NullPointerException: Attempt to invoke virtual method 'java.lang.Object java.lang.reflect.Method.invoke(java.lang.Object, java.lang.Object[])' on a null object reference
2025-05-27 00:27:34.722 29212-29212 ResourcesManagerExtImpl com.tejalabs.falldetection           D  applyConfigurationToAppResourcesLocked app.getDisplayId() return callback.displayId:-1
2025-05-27 00:27:34.723 29212-29212 Quality                 com.tejalabs.falldetection           I  Skipped: false 2 cost 17.75151 refreshRate 8333454 bit true processName com.tejalabs.falldetection
2025-05-27 00:27:34.724 29212-29212 OplusBracketLog         com.tejalabs.falldetection           E  [OplusViewMirrorManager] updateHostViewRootIfNeeded, not support android.view.ViewRootImpl@4f42be
2025-05-27 00:27:34.736 29212-29212 ViewRootImplExtImpl     com.tejalabs.falldetection           D  wrapConfigInfoIntoFlags rotation=0, smallestScreenWidthDp=808, relayoutAsync=false, newFlags=52953088, title=com.tejalabs.falldetection/com.tejalabs.falldetection.MainActivity
2025-05-27 00:27:34.740 29212-29212 VRI[MainActivity]       com.tejalabs.falldetection           D  relayoutWindow result, sizeChanged:true, surfaceControlChanged:true, transformHintChanged:true, mSurfaceSize:Point(2120, 3000), mLastSurfaceSize:Point(0, 0), mWidth:-1, mHeight:-1, requestedWidth:2120, requestedHeight:3000, transformHint:7, lastTransformHint:-2147483648, installOrientation:3, displayRotation:0, isSurfaceValid:true, attr.flag:-2122252032, useBlast:true, tmpFrames:ClientWindowFrames{frame=[0,0][2120,3000] display=[0,0][2120,3000] parentFrame=[0,0][0,0]}, relayoutAsync:false, mSyncSeqId:0
2025-05-27 00:27:34.741 29212-29212 VRI[MainActivity]       com.tejalabs.falldetection           W  updateBlastSurfaceIfNeeded, surfaceSize:Point(2120, 3000), lastSurfaceSize:Point(0, 0), format:-1, blastBufferQueue:null
2025-05-27 00:27:34.743 29212-29212 BufferQueueConsumer     com.tejalabs.falldetection           D  [](id:721c00000000,api:0,p:-1,c:29212) connect: controlledByApp=false
2025-05-27 00:27:34.744 29212-29212 s.falldetection         com.tejalabs.falldetection           W  Unable to find dolphin functions!
2025-05-27 00:27:34.746 29212-29236 AdrenoGLES-0            com.tejalabs.falldetection           I  QUALCOMM build                   : 21ec731d58, Ifa39d99f17
                                                                                                    Build Date                       : 05/31/24
                                                                                                    OpenGL ES Shader Compiler Version: E031.45.02.13
                                                                                                    Local Branch                     : 
                                                                                                    Remote Branch                    : refs/tags/AU_LINUX_ANDROID_LA.VENDOR.14.3.0.11.00.00.973.576
                                                                                                    Remote Branch                    : NONE
                                                                                                    Reconstruct Branch               : NOTHING
2025-05-27 00:27:34.746 29212-29236 AdrenoGLES-0            com.tejalabs.falldetection           I  Build Config                     : S P 16.1.2 AArch64
2025-05-27 00:27:34.746 29212-29236 AdrenoGLES-0            com.tejalabs.falldetection           I  Driver Path                      : /vendor/lib64/egl/libGLESv2_adreno.so
2025-05-27 00:27:34.746 29212-29236 AdrenoGLES-0            com.tejalabs.falldetection           I  Driver Version                   : 0762.21
2025-05-27 00:27:34.746 29212-29236 AdrenoGLES-0            com.tejalabs.falldetection           I  Process Name                     : com.tejalabs.falldetection
2025-05-27 00:27:34.748 29212-29236 AdrenoGLES-0            com.tejalabs.falldetection           I  PFP: 0x01520175, ME: 0x01520023
2025-05-27 00:27:34.751 29212-29236 AdrenoUtils             com.tejalabs.falldetection           I  <ReadGpuID:357>: Reading chip ID through GSL
2025-05-27 00:27:34.756 29212-29236 BufferQueueProducer     com.tejalabs.falldetection           D  [VRI[MainActivity]#0(BLAST Consumer)0](id:721c00000000,api:1,p:29212,c:29212) connect: api=1 producerControlledByApp=true
2025-05-27 00:27:34.756 29212-29236 OpenGLRenderer          com.tejalabs.falldetection           E  Unable to match the desired swap behavior.
2025-05-27 00:27:34.756 29212-29212 SurfaceControl          com.tejalabs.falldetection           I   setExtendedRangeBrightness sc=Surface(name=com.tejalabs.falldetection/com.tejalabs.falldetection.MainActivity)/@0x42d9958,currentBufferRatio=1.0,desiredRatio=1.0
2025-05-27 00:27:34.777 29212-29236 BLASTBufferQueue        com.tejalabs.falldetection           D  [VRI[MainActivity]#0](f:0,a:1) acquireNextBufferLocked size=2120x3000 mFrameNumber=1 applyTransaction=true mTimestamp=456534588820988(auto) mPendingTransactions.size=0 graphicBufferId=125464584650756 transform=4
2025-05-27 00:27:34.777 29212-29236 VRI[MainActivity]       com.tejalabs.falldetection           D  Received frameCommittedCallback lastAttemptedDrawFrameNum=1 didProduceBuffer=true syncBuffer=false
2025-05-27 00:27:34.777 29212-29212 VRI[MainActivity]       com.tejalabs.falldetection           D  draw finished. seqId=0
2025-05-27 00:27:34.777 29212-29212 VRI[MainActivity]       com.tejalabs.falldetection           D  reportDrawFinished
2025-05-27 00:27:34.778 29212-29212 ViewRootImplExtImpl     com.tejalabs.falldetection           D  setMaxDequeuedBufferCount: 2
2025-05-27 00:27:34.780 29212-29212 FallDetectionService    com.tejalabs.falldetection           D  Fall Detection Service created
2025-05-27 00:27:34.788  1831-6456  ANDR-PERF-LM            ven...ti.hardware.perf2-hal-service  E  PrefAppsDB: get_total_pkg_bindapp_count() 663: App = (com.tejalabs.falldetection) not found in LatData DB.
2025-05-27 00:27:34.789 29212-29212 SensorDataCollector     com.tejalabs.falldetection           D  SensorDataCollector initialized
2025-05-27 00:27:34.790 29212-29212 TinyMLProcessor         com.tejalabs.falldetection           W  Model file not found in assets, using fallback
2025-05-27 00:27:34.790 29212-29212 TinyMLProcessor         com.tejalabs.falldetection           E  Error loading TensorFlow Lite model
                                                                                                    java.io.FileNotFoundException: fall_detection_model.tflite
                                                                                                    	at android.content.res.AssetManager.nativeOpenAssetFd(Native Method)
                                                                                                    	at android.content.res.AssetManager.openFd(AssetManager.java:964)
                                                                                                    	at com.tejalabs.falldetection.utils.TinyMLProcessor.loadModelFile(TinyMLProcessor.java:86)
                                                                                                    	at com.tejalabs.falldetection.utils.TinyMLProcessor.initializeModel(TinyMLProcessor.java:57)
                                                                                                    	at com.tejalabs.falldetection.utils.TinyMLProcessor.<init>(TinyMLProcessor.java:48)
                                                                                                    	at com.tejalabs.falldetection.services.FallDetectionService.initializeComponents(FallDetectionService.java:161)
                                                                                                    	at com.tejalabs.falldetection.services.FallDetectionService.onCreate(FallDetectionService.java:76)
                                                                                                    	at android.app.ActivityThread.handleCreateService(ActivityThread.java:5010)
                                                                                                    	at android.app.ActivityThread.-$$Nest$mhandleCreateService(Unknown Source:0)
                                                                                                    	at android.app.ActivityThread$H.handleMessage(ActivityThread.java:2511)
                                                                                                    	at android.os.Handler.dispatchMessage(Handler.java:106)
                                                                                                    	at android.os.Looper.loopOnce(Looper.java:255)
                                                                                                    	at android.os.Looper.loop(Looper.java:364)
                                                                                                    	at android.app.ActivityThread.main(ActivityThread.java:8979)
                                                                                                    	at java.lang.reflect.Method.invoke(Native Method)
                                                                                                    	at com.android.internal.os.RuntimeInit$MethodAndArgsCaller.run(RuntimeInit.java:572)
                                                                                                    	at com.android.internal.os.ZygoteInit.main(ZygoteInit.java:1053)
2025-05-27 00:27:34.790 29212-29212 TinyMLProcessor         com.tejalabs.falldetection           W  Using fallback rule-based fall detection
2025-05-27 00:27:34.791 29212-29212 ContactManager          com.tejalabs.falldetection           D  ContactManager initialized with 0 contacts
2025-05-27 00:27:34.797 29212-29212 LocationService         com.tejalabs.falldetection           D  LocationService initialized
2025-05-27 00:27:34.797 29212-29212 EmergencyManager        com.tejalabs.falldetection           D  EmergencyManager initialized
2025-05-27 00:27:34.797 29212-29212 FallDetectionService    com.tejalabs.falldetection           D  Service components initialized successfully
2025-05-27 00:27:34.799 29212-29212 AndroidRuntime          com.tejalabs.falldetection           D  Shutting down VM
2025-05-27 00:27:34.799 29212-29212 AndroidRuntime          com.tejalabs.falldetection           E  FATAL EXCEPTION: main
                                                                                                    Process: com.tejalabs.falldetection, PID: 29212
                                                                                                    java.lang.RuntimeException: Unable to create service com.tejalabs.falldetection.services.FallDetectionService: java.lang.SecurityException: com.tejalabs.falldetection: One of RECEIVER_EXPORTED or RECEIVER_NOT_EXPORTED should be specified when a receiver isn't being registered exclusively for system broadcasts
                                                                                                    	at android.app.ActivityThread.handleCreateService(ActivityThread.java:5035)
                                                                                                    	at android.app.ActivityThread.-$$Nest$mhandleCreateService(Unknown Source:0)
                                                                                                    	at android.app.ActivityThread$H.handleMessage(ActivityThread.java:2511)
                                                                                                    	at android.os.Handler.dispatchMessage(Handler.java:106)
                                                                                                    	at android.os.Looper.loopOnce(Looper.java:255)
                                                                                                    	at android.os.Looper.loop(Looper.java:364)
                                                                                                    	at android.app.ActivityThread.main(ActivityThread.java:8979)
                                                                                                    	at java.lang.reflect.Method.invoke(Native Method)
                                                                                                    	at com.android.internal.os.RuntimeInit$MethodAndArgsCaller.run(RuntimeInit.java:572)
                                                                                                    	at com.android.internal.os.ZygoteInit.main(ZygoteInit.java:1053)
                                                                                                    Caused by: java.lang.SecurityException: com.tejalabs.falldetection: One of RECEIVER_EXPORTED or RECEIVER_NOT_EXPORTED should be specified when a receiver isn't being registered exclusively for system broadcasts
                                                                                                    	at android.os.Parcel.createExceptionOrNull(Parcel.java:3087)
                                                                                                    	at android.os.Parcel.createException(Parcel.java:3071)
                                                                                                    	at android.os.Parcel.readException(Parcel.java:3054)
                                                                                                    	at android.os.Parcel.readException(Parcel.java:2996)
                                                                                                    	at android.app.IActivityManager$Stub$Proxy.registerReceiverWithFeature(IActivityManager.java:5684)
                                                                                                    	at android.app.ContextImpl.registerReceiverInternal(ContextImpl.java:1868)
                                                                                                    	at android.app.ContextImpl.registerReceiver(ContextImpl.java:1804)
                                                                                                    	at android.app.ContextImpl.registerReceiver(ContextImpl.java:1792)
                                                                                                    	at android.content.ContextWrapper.registerReceiver(ContextWrapper.java:765)
                                                                                                    	at com.tejalabs.falldetection.services.FallDetectionService.registerReceivers(FallDetectionService.java:195)
                                                                                                    	at com.tejalabs.falldetection.services.FallDetectionService.onCreate(FallDetectionService.java:79)
                                                                                                    	at android.app.ActivityThread.handleCreateService(ActivityThread.java:5010)
                                                                                                    	at android.app.ActivityThread.-$$Nest$mhandleCreateService(Unknown Source:0) 
                                                                                                    	at android.app.ActivityThread$H.handleMessage(ActivityThread.java:2511) 
                                                                                                    	at android.os.Handler.dispatchMessage(Handler.java:106) 
                                                                                                    	at android.os.Looper.loopOnce(Looper.java:255) 
                                                                                                    	at android.os.Looper.loop(Looper.java:364) 
                                                                                                    	at android.app.ActivityThread.main(ActivityThread.java:8979) 
                                                                                                    	at java.lang.reflect.Method.invoke(Native Method) 
                                                                                                    	at com.android.internal.os.RuntimeInit$MethodAndArgsCaller.run(RuntimeInit.java:572) 
                                                                                                    	at com.android.internal.os.ZygoteInit.main(ZygoteInit.java:1053) 
                                                                                                    Caused by: android.os.RemoteException: Remote stack trace:
                                                                                                    	at com.android.server.am.ActivityManagerService.registerReceiverWithFeature(ActivityManagerService.java:15038)
                                                                                                    	at android.app.IActivityManager$Stub.onTransact(IActivityManager.java:2570)
                                                                                                    	at com.android.server.am.ActivityManagerService.onTransact(ActivityManagerService.java:3039)
                                                                                                    	at android.os.Binder.execTransactInternal(Binder.java:1357)
                                                                                                    	at android.os.Binder.execTransact(Binder.java:1288)
2025-05-27 00:27:34.804  3254-3825  UAH_JNI                 system_server                        E  uah_event_acquire ! cmdId: 0 ,strPkg: com.tejalabs.falldetection, strIdent: com.android.server.wm, timeout: 720
2025-05-27 00:27:34.816 29212-29212 Process                 com.tejalabs.falldetection           I  Sending signal. PID: 29212 SIG: 9
---------------------------- PROCESS ENDED (29212) for package com.tejalabs.falldetection ----------------------------
2025-05-27 00:27:34.844  1872-1872  qspmHal                 vendor.qti.qspmhal-service           E  setAppInfoH atPid = 29212, gpuFname:com.tejalabs.falldetection, gpuFver:10
